[0m[[0m[0mdebug[0m] [0m[0m> Exec(early(addDefaultCommands), None, None)[0m[0J
[0m[[0m[0mdebug[0m] [0m[0m> Exec(addDefaultCommands, None, None)[0m[0J
[0m[[0m[0mdebug[0m] [0m[0m> Exec(early(initialize), None, None)[0m[0J
[0m[[0m[0mdebug[0m] [0m[0m> Exec(initialize, None, None)[0m[0J
[0m[[0m[0mdebug[0m] [0m[0m> Exec(early(addPluginSbtFile="""/tmp/idea11.sbt"""), None, None)[0m[0J
[0m[[0m[0mdebug[0m] [0m[0m> Exec(addPluginSbtFile="""/tmp/idea11.sbt""", None, None)[0m[0J
[0m[[0m[0mdebug[0m] [0m[0m> Exec(boot, None, None)[0m[0J
[0m[[0m[0mdebug[0m] [0m[0m> Exec(writeSbtVersion, None, None)[0m[0J
[0m[[0m[0mdebug[0m] [0m[0m> Exec(reload, None, None)[0m[0J
[0m[[0m[0mdebug[0m] [0m[0m> Exec(sbtStashOnFailure, None, None)[0m[0J
[0m[[0m[0mdebug[0m] [0m[0m> Exec(onFailure loadFailed, None, None)[0m[0J
[0m[[0m[0mdebug[0m] [0m[0m> Exec(loadp, None, None)[0m[0J
[0m[[0m[0minfo[0m] [0m[0mwelcome to sbt 1.4.0 (Private Build Java 1.8.0_265)[0m[0J
[0m[[0m[0mdebug[0m] [0m[0m      Load.loadUnit: plugins took 55.351549ms[0m[0J
[0m[[0m[0mdebug[0m] [0m[0m      Load.loadUnit: defsScala took 0.216813ms[0m[0J
[0m[[0m[0mdebug[0m] [0m[0m[Loading] Scanning directory /home/nvorotnikov/.sbt/1.0/plugins[0m[0J
[0m[[0m[0mdebug[0m] [0m[0m        Load.loadUnit: mkEval took 4.904744ms[0m[0J
[0m[[0m[0mdebug[0m] [0m[0m[Loading] Found non-root projects [0m[0J
[0m[[0m[0mdebug[0m] [0m[0m[Loading] Done in /home/nvorotnikov/.sbt/1.0/plugins, returning: ()[0m[0J
[0m[[0m[0mdebug[0m] [0m[0mdeducing auto plugins based on known facts Set(Atom(sbt.plugins.CorePlugin)) and clauses Clauses(List(Clause(Atom(sbt.plugins.JvmPlugin),Set(Atom(sbt.plugins.IvyPlugin))), Clause(Atom(sbt.ScriptedPlugin),Set(Atom(sbt.plugins.JvmPlugin))), Clause(Atom(sbt.plugins.SbtPlugin),Set(Atom(sbt.ScriptedPlugin))), Clause(Atom(sbt.plugins.SemanticdbPlugin),Set(Atom(sbt.plugins.JvmPlugin))), Clause(Atom(sbt.plugins.JUnitXmlReportPlugin),Set(Atom(sbt.plugins.JvmPlugin))), Clause(Atom(sbt.plugins.MiniDependencyTreePlugin),Set(Atom(sbt.plugins.JvmPlugin))), Clause(Atom(sbt.plugins.CorePlugin),Set(Atom(sbt.plugins.IvyPlugin))), Clause(Atom(sbt.plugins.IvyPlugin),Set(Atom(sbt.plugins.JvmPlugin))), Clause(Atom(sbt.plugins.JvmPlugin),Set(Atom(sbt.plugins.SemanticdbPlugin))), Clause(Atom(sbt.plugins.JvmPlugin),Set(Atom(sbt.plugins.JUnitXmlReportPlugin))), Clause(Atom(sbt.plugins.CorePlugin),Set(Atom(sbt.plugins.Giter8TemplatePlugin))), Clause(Atom(sbt.plugins.JvmPlugin),Set(Atom(sbt.plugins.MiniDependencyTreePlugin)))))[0m[0J
[0m[[0m[0mdebug[0m] [0m[0m  :: deduced result: Matched(sbt.plugins.CorePlugin,sbt.plugins.Giter8TemplatePlugin,sbt.plugins.IvyPlugin,sbt.plugins.JvmPlugin,sbt.plugins.MiniDependencyTreePlugin,sbt.plugins.JUnitXmlReportPlugin,sbt.plugins.SemanticdbPlugin)[0m[0J
[0m[[0m[0mdebug[0m] [0m[0mPlugins.deducer#function took 13.67805 ms[0m[0J
[0m[[0m[0minfo[0m] [0m[0mloading settings for project global-plugins from idea.sbt ...[0m[0J
[0m[[0m[0mdebug[0m] [0m[0m          Load.resolveProject(global-plugins) took 30.809263ms[0m[0J
[0m[[0m[0mdebug[0m] [0m[0m        Load.loadTransitive: finalizeProject(Project(id global-plugins, base: /home/nvorotnikov/.sbt/1.0/plugins, plugins: List(<none>))) took 63.58509ms[0m[0J
[0m[[0m[0mdebug[0m] [0m[0m[Loading] Done in /home/nvorotnikov/.sbt/1.0/plugins, returning: (global-plugins)[0m[0J
[0m[[0m[0mdebug[0m] [0m[0m      Load.loadUnit: loadedProjectsRaw took 205.344673ms[0m[0J
[0m[[0m[0mdebug[0m] [0m[0m      Load.loadUnit: cleanEvalClasses took 5.056082ms[0m[0J
[0m[[0m[0mdebug[0m] [0m[0m    Load.loadUnit(file:/home/nvorotnikov/.sbt/1.0/plugins/, ...) took 270.779167ms[0m[0J
[0m[[0m[0mdebug[0m] [0m[0m  Load.apply: load took 369.407804ms[0m[0J
[0m[[0m[0mdebug[0m] [0m[0m  Load.apply: resolveProjects took 3.314885ms[0m[0J
[0m[[0m[0mdebug[0m] [0m[0m  Load.apply: finalTransforms took 35.88131ms[0m[0J
[0m[[0m[0mdebug[0m] [0m[0m  Load.apply: config.delegates took 4.920054ms[0m[0J
[0m[[0m[0mdebug[0m] [0m[0m  Load.apply: Def.make(settings)... took 214.899785ms[0m[0J
[0m[[0m[0mdebug[0m] [0m[0m  Load.apply: structureIndex took 69.307676ms[0m[0J
[0m[[0m[0mdebug[0m] [0m[0m  Load.apply: mkStreams took 1.059249ms[0m[0J
[0m[[0m[0minfo[0m] [0m[0mloading global plugins from /home/nvorotnikov/.sbt/1.0/plugins[0m[0J
[0m[[0m[0mdebug[0m] [0m[0mRunning task... Cancel: Signal, check cycles: false, forcegc: true[0m[0J
[0m[[0m[0mdebug[0m] [0m[0mLoad.defaultLoad until apply took 1470.732534ms[0m[0J
[0m[[0m[0mdebug[0m] [0m[0m          Load.loadUnit: plugins took 7.956207ms[0m[0J
[0m[[0m[0mdebug[0m] [0m[0m          Load.loadUnit: defsScala took 0.002526ms[0m[0J
[0m[[0m[0mdebug[0m] [0m[0m[Loading] Scanning directory /home/nvorotnikov/IdeaProjects/flink-formation/bitcoin/project[0m[0J
[0m[[0m[0mdebug[0m] [0m[0m            Load.loadUnit: mkEval took 0.15012ms[0m[0J
[0m[[0m[0mdebug[0m] [0m[0m[Loading] Found non-root projects [0m[0J
[0m[[0m[0mdebug[0m] [0m[0m[Loading] Done in /home/nvorotnikov/IdeaProjects/flink-formation/bitcoin/project, returning: ()[0m[0J
[0m[[0m[0mdebug[0m] [0m[0mdeducing auto plugins based on known facts Set(Atom(sbt.plugins.CorePlugin)) and clauses Clauses(List(Clause(Atom(sbt.plugins.JvmPlugin),Set(Atom(sbt.plugins.IvyPlugin))), Clause(Atom(sbt.ScriptedPlugin),Set(Atom(sbt.plugins.JvmPlugin))), Clause(Atom(sbt.plugins.SbtPlugin),Set(Atom(sbt.ScriptedPlugin))), Clause(Atom(sbt.plugins.SemanticdbPlugin),Set(Atom(sbt.plugins.JvmPlugin))), Clause(Atom(sbt.plugins.JUnitXmlReportPlugin),Set(Atom(sbt.plugins.JvmPlugin))), Clause(Atom(sbt.plugins.MiniDependencyTreePlugin),Set(Atom(sbt.plugins.JvmPlugin))), Clause(Atom(sbt.plugins.CorePlugin),Set(Atom(sbt.plugins.IvyPlugin))), Clause(Atom(sbt.plugins.IvyPlugin),Set(Atom(sbt.plugins.JvmPlugin))), Clause(Atom(sbt.plugins.JvmPlugin),Set(Atom(sbt.plugins.SemanticdbPlugin))), Clause(Atom(sbt.plugins.JvmPlugin),Set(Atom(sbt.plugins.JUnitXmlReportPlugin))), Clause(Atom(sbt.plugins.CorePlugin),Set(Atom(sbt.plugins.Giter8TemplatePlugin))), Clause(Atom(sbt.plugins.JvmPlugin),Set(Atom(sbt.plugins.MiniDependencyTreePlugin)))))[0m[0J
[0m[[0m[0mdebug[0m] [0m[0m  :: deduced result: Matched(sbt.plugins.CorePlugin,sbt.plugins.Giter8TemplatePlugin,sbt.plugins.IvyPlugin,sbt.plugins.JvmPlugin,sbt.plugins.MiniDependencyTreePlugin,sbt.plugins.JUnitXmlReportPlugin,sbt.plugins.SemanticdbPlugin)[0m[0J
[0m[[0m[0mdebug[0m] [0m[0mPlugins.deducer#function took 0.992997 ms[0m[0J
[0m[[0m[0minfo[0m] [0m[0mloading settings for project bitcoin-build from idea11.sbt ...[0m[0J
[0m[[0m[0mdebug[0m] [0m[0m              Load.resolveProject(bitcoin-build) took 0.906524ms[0m[0J
[0m[[0m[0mdebug[0m] [0m[0m            Load.loadTransitive: finalizeProject(Project(id bitcoin-build, base: /home/nvorotnikov/IdeaProjects/flink-formation/bitcoin/project, plugins: List(<none>))) took 2.196879ms[0m[0J
[0m[[0m[0mdebug[0m] [0m[0m[Loading] Done in /home/nvorotnikov/IdeaProjects/flink-formation/bitcoin/project, returning: (bitcoin-build)[0m[0J
[0m[[0m[0mdebug[0m] [0m[0m          Load.loadUnit: loadedProjectsRaw took 34.446642ms[0m[0J
[0m[[0m[0mdebug[0m] [0m[0m          Load.loadUnit: cleanEvalClasses took 0.28439ms[0m[0J
[0m[[0m[0mdebug[0m] [0m[0m        Load.loadUnit(file:/home/nvorotnikov/IdeaProjects/flink-formation/bitcoin/project/, ...) took 43.025479ms[0m[0J
[0m[[0m[0mdebug[0m] [0m[0m      Load.apply: load took 43.617971ms[0m[0J
[0m[[0m[0mdebug[0m] [0m[0m      Load.apply: resolveProjects took 0.098009ms[0m[0J
[0m[[0m[0mdebug[0m] [0m[0m      Load.apply: finalTransforms took 8.188336ms[0m[0J
[0m[[0m[0mdebug[0m] [0m[0m      Load.apply: config.delegates took 0.244978ms[0m[0J
[0m[[0m[0mdebug[0m] [0m[0m      Load.apply: Def.make(settings)... took 45.73961ms[0m[0J
[0m[[0m[0mdebug[0m] [0m[0m      Load.apply: structureIndex took 15.611197ms[0m[0J
[0m[[0m[0mdebug[0m] [0m[0m      Load.apply: mkStreams took 0.001835ms[0m[0J
[0m[[0m[0minfo[0m] [0m[0mloading project definition from /home/nvorotnikov/IdeaProjects/flink-formation/bitcoin/project[0m[0J
[0m[[0m[0mdebug[0m] [0m[0mRunning task... Cancel: Signal, check cycles: false, forcegc: true[0m[0J
[0m[[0m[0mdebug[0m] [0m[0m    Load.loadUnit: plugins took 228.917899ms[0m[0J
[0m[[0m[0mdebug[0m] [0m[0m    Load.loadUnit: defsScala took 0.002049ms[0m[0J
[0m[[0m[0mdebug[0m] [0m[0m[Loading] Scanning directory /home/nvorotnikov/IdeaProjects/flink-formation/bitcoin[0m[0J
[0m[[0m[0mdebug[0m] [0m[0m      Load.loadUnit: mkEval took 0.126711ms[0m[0J
[0m[[0m[31merror[0m] [0m[0mType error in expression[0m[0J
[0m[[0m[0mdebug[0m] [0m[0m> Exec(loadFailed, None, None)[0m[0J
[0m[[0m[33mwarn[0m] [0m[0mProject loading failed: (r)etry, (q)uit, (l)ast, or (i)gnore? (default: r)[0m[0J
