[0m[[0m[0mdebug[0m] [0m[0m> Exec(reload, None, None)[0m[0J
[0m[[0m[0mdebug[0m] [0m[0m> Exec(sbtStashOnFailure, None, None)[0m[0J
[0m[[0m[0mdebug[0m] [0m[0m> Exec(onFailure loadFailed, None, None)[0m[0J
[0m[[0m[0mdebug[0m] [0m[0m> Exec(loadp, None, None)[0m[0J
[0m[[0m[0minfo[0m] [0m[0mwelcome to sbt 1.4.0 (Private Build Java 1.8.0_265)[0m[0J
[0m[[0m[0mdebug[0m] [0m[0m      Load.loadUnit: plugins took 7.331895ms[0m[0J
[0m[[0m[0mdebug[0m] [0m[0m      Load.loadUnit: defsScala took 0.002207ms[0m[0J
[0m[[0m[0mdebug[0m] [0m[0m[Loading] Scanning directory /home/nvorotnikov/.sbt/1.0/plugins[0m[0J
[0m[[0m[0mdebug[0m] [0m[0m        Load.loadUnit: mkEval took 0.113632ms[0m[0J
[0m[[0m[0mdebug[0m] [0m[0m[Loading] Found non-root projects [0m[0J
[0m[[0m[0mdebug[0m] [0m[0m[Loading] Done in /home/nvorotnikov/.sbt/1.0/plugins, returning: ()[0m[0J
[0m[[0m[0mdebug[0m] [0m[0mdeducing auto plugins based on known facts Set(Atom(sbt.plugins.CorePlugin)) and clauses Clauses(List(Clause(Atom(sbt.plugins.JvmPlugin),Set(Atom(sbt.plugins.IvyPlugin))), Clause(Atom(sbt.ScriptedPlugin),Set(Atom(sbt.plugins.JvmPlugin))), Clause(Atom(sbt.plugins.SbtPlugin),Set(Atom(sbt.ScriptedPlugin))), Clause(Atom(sbt.plugins.SemanticdbPlugin),Set(Atom(sbt.plugins.JvmPlugin))), Clause(Atom(sbt.plugins.JUnitXmlReportPlugin),Set(Atom(sbt.plugins.JvmPlugin))), Clause(Atom(sbt.plugins.MiniDependencyTreePlugin),Set(Atom(sbt.plugins.JvmPlugin))), Clause(Atom(sbt.plugins.CorePlugin),Set(Atom(sbt.plugins.IvyPlugin))), Clause(Atom(sbt.plugins.IvyPlugin),Set(Atom(sbt.plugins.JvmPlugin))), Clause(Atom(sbt.plugins.JvmPlugin),Set(Atom(sbt.plugins.SemanticdbPlugin))), Clause(Atom(sbt.plugins.JvmPlugin),Set(Atom(sbt.plugins.JUnitXmlReportPlugin))), Clause(Atom(sbt.plugins.CorePlugin),Set(Atom(sbt.plugins.Giter8TemplatePlugin))), Clause(Atom(sbt.plugins.JvmPlugin),Set(Atom(sbt.plugins.MiniDependencyTreePlugin)))))[0m[0J
[0m[[0m[0mdebug[0m] [0m[0m  :: deduced result: Matched(sbt.plugins.CorePlugin,sbt.plugins.Giter8TemplatePlugin,sbt.plugins.IvyPlugin,sbt.plugins.JvmPlugin,sbt.plugins.MiniDependencyTreePlugin,sbt.plugins.JUnitXmlReportPlugin,sbt.plugins.SemanticdbPlugin)[0m[0J
[0m[[0m[0mdebug[0m] [0m[0mPlugins.deducer#function took 0.555144 ms[0m[0J
[0m[[0m[0minfo[0m] [0m[0mloading settings for project global-plugins from idea.sbt ...[0m[0J
[0m[[0m[0mdebug[0m] [0m[0m          Load.resolveProject(global-plugins) took 0.659524ms[0m[0J
[0m[[0m[0mdebug[0m] [0m[0m        Load.loadTransitive: finalizeProject(Project(id global-plugins, base: /home/nvorotnikov/.sbt/1.0/plugins, plugins: List(<none>))) took 1.404694ms[0m[0J
[0m[[0m[0mdebug[0m] [0m[0m[Loading] Done in /home/nvorotnikov/.sbt/1.0/plugins, returning: (global-plugins)[0m[0J
[0m[[0m[0mdebug[0m] [0m[0m      Load.loadUnit: loadedProjectsRaw took 5.154219ms[0m[0J
[0m[[0m[0mdebug[0m] [0m[0m      Load.loadUnit: cleanEvalClasses took 0.245608ms[0m[0J
[0m[[0m[0mdebug[0m] [0m[0m    Load.loadUnit(file:/home/nvorotnikov/.sbt/1.0/plugins/, ...) took 12.931148ms[0m[0J
[0m[[0m[0mdebug[0m] [0m[0m  Load.apply: load took 13.39009ms[0m[0J
[0m[[0m[0mdebug[0m] [0m[0m  Load.apply: resolveProjects took 0.051226ms[0m[0J
[0m[[0m[0mdebug[0m] [0m[0m  Load.apply: finalTransforms took 2.363778ms[0m[0J
[0m[[0m[0mdebug[0m] [0m[0m  Load.apply: config.delegates took 0.135916ms[0m[0J
[0m[[0m[0mdebug[0m] [0m[0m  Load.apply: Def.make(settings)... took 20.307009ms[0m[0J
[0m[[0m[0mdebug[0m] [0m[0m  Load.apply: structureIndex took 5.709731ms[0m[0J
[0m[[0m[0mdebug[0m] [0m[0m  Load.apply: mkStreams took 0.001879ms[0m[0J
[0m[[0m[0minfo[0m] [0m[0mloading global plugins from /home/nvorotnikov/.sbt/1.0/plugins[0m[0J
[0m[[0m[0mdebug[0m] [0m[0mRunning task... Cancel: Signal, check cycles: false, forcegc: true[0m[0J
[0m[[0m[0mdebug[0m] [0m[0mLoad.defaultLoad until apply took 131.029644ms[0m[0J
[0m[[0m[0mdebug[0m] [0m[0m          Load.loadUnit: plugins took 5.160234ms[0m[0J
[0m[[0m[0mdebug[0m] [0m[0m          Load.loadUnit: defsScala took 0.00161ms[0m[0J
[0m[[0m[0mdebug[0m] [0m[0m[Loading] Scanning directory /home/nvorotnikov/IdeaProjects/flink-formation/bitcoin/project[0m[0J
[0m[[0m[0mdebug[0m] [0m[0m            Load.loadUnit: mkEval took 0.119287ms[0m[0J
[0m[[0m[0mdebug[0m] [0m[0m[Loading] Found non-root projects [0m[0J
[0m[[0m[0mdebug[0m] [0m[0m[Loading] Done in /home/nvorotnikov/IdeaProjects/flink-formation/bitcoin/project, returning: ()[0m[0J
[0m[[0m[0mdebug[0m] [0m[0mdeducing auto plugins based on known facts Set(Atom(sbt.plugins.CorePlugin)) and clauses Clauses(List(Clause(Atom(sbt.plugins.JvmPlugin),Set(Atom(sbt.plugins.IvyPlugin))), Clause(Atom(sbt.ScriptedPlugin),Set(Atom(sbt.plugins.JvmPlugin))), Clause(Atom(sbt.plugins.SbtPlugin),Set(Atom(sbt.ScriptedPlugin))), Clause(Atom(sbt.plugins.SemanticdbPlugin),Set(Atom(sbt.plugins.JvmPlugin))), Clause(Atom(sbt.plugins.JUnitXmlReportPlugin),Set(Atom(sbt.plugins.JvmPlugin))), Clause(Atom(sbt.plugins.MiniDependencyTreePlugin),Set(Atom(sbt.plugins.JvmPlugin))), Clause(Atom(sbt.plugins.CorePlugin),Set(Atom(sbt.plugins.IvyPlugin))), Clause(Atom(sbt.plugins.IvyPlugin),Set(Atom(sbt.plugins.JvmPlugin))), Clause(Atom(sbt.plugins.JvmPlugin),Set(Atom(sbt.plugins.SemanticdbPlugin))), Clause(Atom(sbt.plugins.JvmPlugin),Set(Atom(sbt.plugins.JUnitXmlReportPlugin))), Clause(Atom(sbt.plugins.CorePlugin),Set(Atom(sbt.plugins.Giter8TemplatePlugin))), Clause(Atom(sbt.plugins.JvmPlugin),Set(Atom(sbt.plugins.MiniDependencyTreePlugin)))))[0m[0J
[0m[[0m[0mdebug[0m] [0m[0m  :: deduced result: Matched(sbt.plugins.CorePlugin,sbt.plugins.Giter8TemplatePlugin,sbt.plugins.IvyPlugin,sbt.plugins.JvmPlugin,sbt.plugins.MiniDependencyTreePlugin,sbt.plugins.JUnitXmlReportPlugin,sbt.plugins.SemanticdbPlugin)[0m[0J
[0m[[0m[0mdebug[0m] [0m[0mPlugins.deducer#function took 0.479467 ms[0m[0J
[0m[[0m[0minfo[0m] [0m[0mloading settings for project bitcoin-build from plugins.sbt,idea8.sbt ...[0m[0J
[0m[[0m[0mdebug[0m] [0m[0m              Load.resolveProject(bitcoin-build) took 0.687681ms[0m[0J
[0m[[0m[0mdebug[0m] [0m[0m            Load.loadTransitive: finalizeProject(Project(id bitcoin-build, base: /home/nvorotnikov/IdeaProjects/flink-formation/bitcoin/project, plugins: List(<none>))) took 1.368853ms[0m[0J
[0m[[0m[0mdebug[0m] [0m[0m[Loading] Done in /home/nvorotnikov/IdeaProjects/flink-formation/bitcoin/project, returning: (bitcoin-build)[0m[0J
[0m[[0m[0mdebug[0m] [0m[0m          Load.loadUnit: loadedProjectsRaw took 200.746374ms[0m[0J
[0m[[0m[0mdebug[0m] [0m[0m          Load.loadUnit: cleanEvalClasses took 0.328506ms[0m[0J
[0m[[0m[0mdebug[0m] [0m[0m        Load.loadUnit(file:/home/nvorotnikov/IdeaProjects/flink-formation/bitcoin/project/, ...) took 206.420916ms[0m[0J
[0m[[0m[0mdebug[0m] [0m[0m      Load.apply: load took 206.791127ms[0m[0J
[0m[[0m[0mdebug[0m] [0m[0m      Load.apply: resolveProjects took 0.082774ms[0m[0J
[0m[[0m[0mdebug[0m] [0m[0m      Load.apply: finalTransforms took 2.641289ms[0m[0J
[0m[[0m[0mdebug[0m] [0m[0m      Load.apply: config.delegates took 0.155542ms[0m[0J
[0m[[0m[0mdebug[0m] [0m[0m      Load.apply: Def.make(settings)... took 20.881512ms[0m[0J
[0m[[0m[0mdebug[0m] [0m[0m      Load.apply: structureIndex took 9.073728ms[0m[0J
[0m[[0m[0mdebug[0m] [0m[0m      Load.apply: mkStreams took 0.002651ms[0m[0J
[0m[[0m[0minfo[0m] [0m[0mloading project definition from /home/nvorotnikov/IdeaProjects/flink-formation/bitcoin/project[0m[0J
[0m[[0m[0mdebug[0m] [0m[0mRunning task... Cancel: Signal, check cycles: false, forcegc: true[0m[0J
[0m[[0m[0mdebug[0m] [0m[0m    Load.loadUnit: plugins took 446.094444ms[0m[0J
[0m[[0m[0mdebug[0m] [0m[0m    Load.loadUnit: defsScala took 0.002815ms[0m[0J
[0m[[0m[0mdebug[0m] [0m[0m[Loading] Scanning directory /home/nvorotnikov/IdeaProjects/flink-formation/bitcoin[0m[0J
[0m[[0m[0mdebug[0m] [0m[0m      Load.loadUnit: mkEval took 0.16577ms[0m[0J
[0m[[0m[0mdebug[0m] [0m[0m[Loading] Found non-root projects [0m[0J
[0m[[0m[0mdebug[0m] [0m[0m[Loading] Done in /home/nvorotnikov/IdeaProjects/flink-formation/bitcoin, returning: ()[0m[0J
[0m[[0m[0mdebug[0m] [0m[0mdeducing auto plugins based on known facts Set(Atom(sbt.plugins.CorePlugin)) and clauses Clauses(List(Clause(Atom(sbt.plugins.JvmPlugin),Set(Atom(sbt.plugins.IvyPlugin))), Clause(Atom(sbt.ScriptedPlugin),Set(Atom(sbt.plugins.JvmPlugin))), Clause(Atom(sbt.plugins.SbtPlugin),Set(Atom(sbt.ScriptedPlugin))), Clause(Atom(sbt.plugins.SemanticdbPlugin),Set(Atom(sbt.plugins.JvmPlugin))), Clause(Atom(sbt.plugins.JUnitXmlReportPlugin),Set(Atom(sbt.plugins.JvmPlugin))), Clause(Atom(sbt.plugins.MiniDependencyTreePlugin),Set(Atom(sbt.plugins.JvmPlugin))), Clause(Atom(sbtassembly.AssemblyPlugin),Set(Atom(sbt.plugins.JvmPlugin))), Clause(Atom(org.jetbrains.sbt.StructurePlugin),Set(Atom(sbt.plugins.JvmPlugin))), Clause(Atom(org.jetbrains.sbt.IdeaShellPlugin),Set(Atom(sbt.plugins.JvmPlugin))), Clause(Atom(org.jetbrains.sbt.indices.SbtIntellijIndicesPlugin),Set(Atom(sbt.plugins.JvmPlugin))), Clause(Atom(sbt.plugins.CorePlugin),Set(Atom(sbt.plugins.IvyPlugin))), Clause(Atom(sbt.plugins.IvyPlugin),Set(Atom(sbt.plugins.JvmPlugin))), Clause(Atom(sbt.plugins.JvmPlugin),Set(Atom(sbt.plugins.SemanticdbPlugin))), Clause(Atom(sbt.plugins.JvmPlugin),Set(Atom(sbt.plugins.JUnitXmlReportPlugin))), Clause(Atom(sbt.plugins.CorePlugin),Set(Atom(sbt.plugins.Giter8TemplatePlugin))), Clause(Atom(sbt.plugins.JvmPlugin),Set(Atom(sbt.plugins.MiniDependencyTreePlugin))), Clause(Atom(sbt.plugins.JvmPlugin),Set(Atom(sbtassembly.AssemblyPlugin))), Clause(Atom(sbt.plugins.JvmPlugin),Set(Atom(org.jetbrains.sbt.StructurePlugin))), Clause(Atom(sbt.plugins.JvmPlugin),Set(Atom(org.jetbrains.sbt.IdeaShellPlugin))), Clause(And(Set(Atom(sbt.plugins.CorePlugin), Atom(sbt.plugins.JvmPlugin))),Set(Atom(org.jetbrains.sbt.indices.SbtIntellijIndicesPlugin)))))[0m[0J
[0m[[0m[0mdebug[0m] [0m[0m  :: deduced result: Matched(sbt.plugins.CorePlugin,sbt.plugins.Giter8TemplatePlugin,sbt.plugins.IvyPlugin,sbt.plugins.JvmPlugin,sbt.plugins.SemanticdbPlugin,org.jetbrains.sbt.indices.SbtIntellijIndicesPlugin,sbt.plugins.JUnitXmlReportPlugin,sbtassembly.AssemblyPlugin,org.jetbrains.sbt.IdeaShellPlugin,org.jetbrains.sbt.StructurePlugin,sbt.plugins.MiniDependencyTreePlugin)[0m[0J
[0m[[0m[0mdebug[0m] [0m[0mPlugins.deducer#function took 1.099785 ms[0m[0J
[0m[[0m[0minfo[0m] [0m[0mloading settings for project bitcoin from build.sbt ...[0m[0J
[0m[[0m[0mdebug[0m] [0m[0m        Load.resolveProject(bitcoin) took 28.875827ms[0m[0J
[0m[[0m[0mdebug[0m] [0m[0m      Load.loadTransitive: finalizeProject(Project(id bitcoin, base: /home/nvorotnikov/IdeaProjects/flink-formation/bitcoin, plugins: List(<none>))) took 30.256112ms[0m[0J
[0m[[0m[0mdebug[0m] [0m[0m[Loading] Done in /home/nvorotnikov/IdeaProjects/flink-formation/bitcoin, returning: (bitcoin)[0m[0J
[0m[[0m[0mdebug[0m] [0m[0m    Load.loadUnit: loadedProjectsRaw took 534.422467ms[0m[0J
[0m[[0m[0mdebug[0m] [0m[0m    Load.loadUnit: cleanEvalClasses took 1.273688ms[0m[0J
[0m[[0m[0mdebug[0m] [0m[0m  Load.loadUnit(file:/home/nvorotnikov/IdeaProjects/flink-formation/bitcoin/, ...) took 982.037324ms[0m[0J
[0m[[0m[0mdebug[0m] [0m[0mLoad.apply: load took 982.463745ms[0m[0J
[0m[[0m[0mdebug[0m] [0m[0mLoad.apply: resolveProjects took 0.054655ms[0m[0J
[0m[[0m[0mdebug[0m] [0m[0mLoad.apply: finalTransforms took 6.527468ms[0m[0J
[0m[[0m[0mdebug[0m] [0m[0mLoad.apply: config.delegates took 0.12528ms[0m[0J
[0m[[0m[0mdebug[0m] [0m[0mLoad.apply: Def.make(settings)... took 21.380788ms[0m[0J
[0m[[0m[0mdebug[0m] [0m[0mLoad.apply: structureIndex took 5.970985ms[0m[0J
[0m[[0m[0mdebug[0m] [0m[0mLoad.apply: mkStreams took 0.002052ms[0m[0J
[0m[[0m[0minfo[0m] [0m[0mset current project to bitcoin (in build file:/home/nvorotnikov/IdeaProjects/flink-formation/bitcoin/)[0m[0J
[0m[[0m[0mdebug[0m] [0m[0m> Exec(sbtPopOnFailure, None, None)[0m[0J
[0m[[0m[0mdebug[0m] [0m[0m> Exec(resumeFromFailure, None, None)[0m[0J
[0m[[0m[0mdebug[0m] [0m[0m> Exec(idea-shell, None, None)[0m[0J
