[0m[[0m[0mdebug[0m] [0m[0m> Exec(reload, None, None)[0m[0J
[0m[[0m[0mdebug[0m] [0m[0m> Exec(sbtStashOnFailure, None, None)[0m[0J
[0m[[0m[0mdebug[0m] [0m[0m> Exec(onFailure loadFailed, None, None)[0m[0J
[0m[[0m[0mdebug[0m] [0m[0m> Exec(loadp, None, None)[0m[0J
[0m[[0m[0minfo[0m] [0m[0mwelcome to sbt 1.4.0 (Private Build Java 1.8.0_265)[0m[0J
[0m[[0m[0mdebug[0m] [0m[0m      Load.loadUnit: plugins took 6.826997ms[0m[0J
[0m[[0m[0mdebug[0m] [0m[0m      Load.loadUnit: defsScala took 0.001984ms[0m[0J
[0m[[0m[0mdebug[0m] [0m[0m[Loading] Scanning directory /home/nvorotnikov/.sbt/1.0/plugins[0m[0J
[0m[[0m[0mdebug[0m] [0m[0m        Load.loadUnit: mkEval took 0.107311ms[0m[0J
[0m[[0m[0mdebug[0m] [0m[0m[Loading] Found non-root projects [0m[0J
[0m[[0m[0mdebug[0m] [0m[0m[Loading] Done in /home/nvorotnikov/.sbt/1.0/plugins, returning: ()[0m[0J
[0m[[0m[0mdebug[0m] [0m[0mdeducing auto plugins based on known facts Set(Atom(sbt.plugins.CorePlugin)) and clauses Clauses(List(Clause(Atom(sbt.plugins.JvmPlugin),Set(Atom(sbt.plugins.IvyPlugin))), Clause(Atom(sbt.ScriptedPlugin),Set(Atom(sbt.plugins.JvmPlugin))), Clause(Atom(sbt.plugins.SbtPlugin),Set(Atom(sbt.ScriptedPlugin))), Clause(Atom(sbt.plugins.SemanticdbPlugin),Set(Atom(sbt.plugins.JvmPlugin))), Clause(Atom(sbt.plugins.JUnitXmlReportPlugin),Set(Atom(sbt.plugins.JvmPlugin))), Clause(Atom(sbt.plugins.MiniDependencyTreePlugin),Set(Atom(sbt.plugins.JvmPlugin))), Clause(Atom(sbt.plugins.CorePlugin),Set(Atom(sbt.plugins.IvyPlugin))), Clause(Atom(sbt.plugins.IvyPlugin),Set(Atom(sbt.plugins.JvmPlugin))), Clause(Atom(sbt.plugins.JvmPlugin),Set(Atom(sbt.plugins.SemanticdbPlugin))), Clause(Atom(sbt.plugins.JvmPlugin),Set(Atom(sbt.plugins.JUnitXmlReportPlugin))), Clause(Atom(sbt.plugins.CorePlugin),Set(Atom(sbt.plugins.Giter8TemplatePlugin))), Clause(Atom(sbt.plugins.JvmPlugin),Set(Atom(sbt.plugins.MiniDependencyTreePlugin)))))[0m[0J
[0m[[0m[0mdebug[0m] [0m[0m  :: deduced result: Matched(sbt.plugins.CorePlugin,sbt.plugins.Giter8TemplatePlugin,sbt.plugins.IvyPlugin,sbt.plugins.JvmPlugin,sbt.plugins.MiniDependencyTreePlugin,sbt.plugins.JUnitXmlReportPlugin,sbt.plugins.SemanticdbPlugin)[0m[0J
[0m[[0m[0mdebug[0m] [0m[0mPlugins.deducer#function took 0.735973 ms[0m[0J
[0m[[0m[0minfo[0m] [0m[0mloading settings for project global-plugins from idea.sbt ...[0m[0J
[0m[[0m[0mdebug[0m] [0m[0m          Load.resolveProject(global-plugins) took 0.795319ms[0m[0J
[0m[[0m[0mdebug[0m] [0m[0m        Load.loadTransitive: finalizeProject(Project(id global-plugins, base: /home/nvorotnikov/.sbt/1.0/plugins, plugins: List(<none>))) took 1.761994ms[0m[0J
[0m[[0m[0mdebug[0m] [0m[0m[Loading] Done in /home/nvorotnikov/.sbt/1.0/plugins, returning: (global-plugins)[0m[0J
[0m[[0m[0mdebug[0m] [0m[0m      Load.loadUnit: loadedProjectsRaw took 6.140596ms[0m[0J
[0m[[0m[0mdebug[0m] [0m[0m      Load.loadUnit: cleanEvalClasses took 0.250055ms[0m[0J
[0m[[0m[0mdebug[0m] [0m[0m    Load.loadUnit(file:/home/nvorotnikov/.sbt/1.0/plugins/, ...) took 13.510703ms[0m[0J
[0m[[0m[0mdebug[0m] [0m[0m  Load.apply: load took 14.107859ms[0m[0J
[0m[[0m[0mdebug[0m] [0m[0m  Load.apply: resolveProjects took 0.069543ms[0m[0J
[0m[[0m[0mdebug[0m] [0m[0m  Load.apply: finalTransforms took 4.06652ms[0m[0J
[0m[[0m[0mdebug[0m] [0m[0m  Load.apply: config.delegates took 0.218612ms[0m[0J
[0m[[0m[0mdebug[0m] [0m[0m  Load.apply: Def.make(settings)... took 32.578189ms[0m[0J
[0m[[0m[0mdebug[0m] [0m[0m  Load.apply: structureIndex took 10.710614ms[0m[0J
[0m[[0m[0mdebug[0m] [0m[0m  Load.apply: mkStreams took 0.003148ms[0m[0J
[0m[[0m[0minfo[0m] [0m[0mloading global plugins from /home/nvorotnikov/.sbt/1.0/plugins[0m[0J
[0m[[0m[0mdebug[0m] [0m[0mRunning task... Cancel: Signal, check cycles: false, forcegc: true[0m[0J
[0m[[0m[0mdebug[0m] [0m[0mLoad.defaultLoad until apply took 170.78453ms[0m[0J
[0m[[0m[0mdebug[0m] [0m[0m          Load.loadUnit: plugins took 9.244033ms[0m[0J
[0m[[0m[0mdebug[0m] [0m[0m          Load.loadUnit: defsScala took 0.003614ms[0m[0J
[0m[[0m[0mdebug[0m] [0m[0m[Loading] Scanning directory /home/nvorotnikov/IdeaProjects/flink-formation/bitcoin/project[0m[0J
[0m[[0m[0mdebug[0m] [0m[0m            Load.loadUnit: mkEval took 0.17521ms[0m[0J
[0m[[0m[0mdebug[0m] [0m[0m[Loading] Found non-root projects [0m[0J
[0m[[0m[0mdebug[0m] [0m[0m[Loading] Done in /home/nvorotnikov/IdeaProjects/flink-formation/bitcoin/project, returning: ()[0m[0J
[0m[[0m[0mdebug[0m] [0m[0mdeducing auto plugins based on known facts Set(Atom(sbt.plugins.CorePlugin)) and clauses Clauses(List(Clause(Atom(sbt.plugins.JvmPlugin),Set(Atom(sbt.plugins.IvyPlugin))), Clause(Atom(sbt.ScriptedPlugin),Set(Atom(sbt.plugins.JvmPlugin))), Clause(Atom(sbt.plugins.SbtPlugin),Set(Atom(sbt.ScriptedPlugin))), Clause(Atom(sbt.plugins.SemanticdbPlugin),Set(Atom(sbt.plugins.JvmPlugin))), Clause(Atom(sbt.plugins.JUnitXmlReportPlugin),Set(Atom(sbt.plugins.JvmPlugin))), Clause(Atom(sbt.plugins.MiniDependencyTreePlugin),Set(Atom(sbt.plugins.JvmPlugin))), Clause(Atom(sbt.plugins.CorePlugin),Set(Atom(sbt.plugins.IvyPlugin))), Clause(Atom(sbt.plugins.IvyPlugin),Set(Atom(sbt.plugins.JvmPlugin))), Clause(Atom(sbt.plugins.JvmPlugin),Set(Atom(sbt.plugins.SemanticdbPlugin))), Clause(Atom(sbt.plugins.JvmPlugin),Set(Atom(sbt.plugins.JUnitXmlReportPlugin))), Clause(Atom(sbt.plugins.CorePlugin),Set(Atom(sbt.plugins.Giter8TemplatePlugin))), Clause(Atom(sbt.plugins.JvmPlugin),Set(Atom(sbt.plugins.MiniDependencyTreePlugin)))))[0m[0J
[0m[[0m[0mdebug[0m] [0m[0m  :: deduced result: Matched(sbt.plugins.CorePlugin,sbt.plugins.Giter8TemplatePlugin,sbt.plugins.IvyPlugin,sbt.plugins.JvmPlugin,sbt.plugins.MiniDependencyTreePlugin,sbt.plugins.JUnitXmlReportPlugin,sbt.plugins.SemanticdbPlugin)[0m[0J
[0m[[0m[0mdebug[0m] [0m[0mPlugins.deducer#function took 1.043481 ms[0m[0J
[0m[[0m[0minfo[0m] [0m[0mloading settings for project bitcoin-build from plugins.sbt,idea3.sbt ...[0m[0J
[0m[[0m[0mdebug[0m] [0m[0m              Load.resolveProject(bitcoin-build) took 1.496891ms[0m[0J
[0m[[0m[0mdebug[0m] [0m[0m            Load.loadTransitive: finalizeProject(Project(id bitcoin-build, base: /home/nvorotnikov/IdeaProjects/flink-formation/bitcoin/project, plugins: List(<none>))) took 2.868409ms[0m[0J
[0m[[0m[0mdebug[0m] [0m[0m[Loading] Done in /home/nvorotnikov/IdeaProjects/flink-formation/bitcoin/project, returning: (bitcoin-build)[0m[0J
[0m[[0m[0mdebug[0m] [0m[0m          Load.loadUnit: loadedProjectsRaw took 326.799816ms[0m[0J
[0m[[0m[0mdebug[0m] [0m[0m          Load.loadUnit: cleanEvalClasses took 0.509186ms[0m[0J
[0m[[0m[0mdebug[0m] [0m[0m        Load.loadUnit(file:/home/nvorotnikov/IdeaProjects/flink-formation/bitcoin/project/, ...) took 337.034911ms[0m[0J
[0m[[0m[0mdebug[0m] [0m[0m      Load.apply: load took 337.842913ms[0m[0J
[0m[[0m[0mdebug[0m] [0m[0m      Load.apply: resolveProjects took 0.084653ms[0m[0J
[0m[[0m[0mdebug[0m] [0m[0m      Load.apply: finalTransforms took 5.497408ms[0m[0J
[0m[[0m[0mdebug[0m] [0m[0m      Load.apply: config.delegates took 0.454782ms[0m[0J
[0m[[0m[0mdebug[0m] [0m[0m      Load.apply: Def.make(settings)... took 40.331884ms[0m[0J
[0m[[0m[0mdebug[0m] [0m[0m      Load.apply: structureIndex took 8.976566ms[0m[0J
[0m[[0m[0mdebug[0m] [0m[0m      Load.apply: mkStreams took 0.002894ms[0m[0J
[0m[[0m[0minfo[0m] [0m[0mloading project definition from /home/nvorotnikov/IdeaProjects/flink-formation/bitcoin/project[0m[0J
[0m[[0m[0mdebug[0m] [0m[0mRunning task... Cancel: Signal, check cycles: false, forcegc: true[0m[0J
[0m[[0m[0mdebug[0m] [0m[0m    Load.loadUnit: plugins took 706.56892ms[0m[0J
[0m[[0m[0mdebug[0m] [0m[0m    Load.loadUnit: defsScala took 0.002724ms[0m[0J
[0m[[0m[0mdebug[0m] [0m[0m[Loading] Scanning directory /home/nvorotnikov/IdeaProjects/flink-formation/bitcoin[0m[0J
[0m[[0m[0mdebug[0m] [0m[0m      Load.loadUnit: mkEval took 0.146599ms[0m[0J
[0m[[0m[0mdebug[0m] [0m[0m[Loading] Found root project root w/ remaining wiki,bitcoin[0m[0J
[0m[[0m[0mdebug[0m] [0m[0mdeducing auto plugins based on known facts Set(Atom(sbt.plugins.CorePlugin)) and clauses Clauses(List(Clause(Atom(sbt.plugins.JvmPlugin),Set(Atom(sbt.plugins.IvyPlugin))), Clause(Atom(sbt.ScriptedPlugin),Set(Atom(sbt.plugins.JvmPlugin))), Clause(Atom(sbt.plugins.SbtPlugin),Set(Atom(sbt.ScriptedPlugin))), Clause(Atom(sbt.plugins.SemanticdbPlugin),Set(Atom(sbt.plugins.JvmPlugin))), Clause(Atom(sbt.plugins.JUnitXmlReportPlugin),Set(Atom(sbt.plugins.JvmPlugin))), Clause(Atom(sbt.plugins.MiniDependencyTreePlugin),Set(Atom(sbt.plugins.JvmPlugin))), Clause(Atom(sbtassembly.AssemblyPlugin),Set(Atom(sbt.plugins.JvmPlugin))), Clause(Atom(org.jetbrains.sbt.StructurePlugin),Set(Atom(sbt.plugins.JvmPlugin))), Clause(Atom(org.jetbrains.sbt.IdeaShellPlugin),Set(Atom(sbt.plugins.JvmPlugin))), Clause(Atom(org.jetbrains.sbt.indices.SbtIntellijIndicesPlugin),Set(Atom(sbt.plugins.JvmPlugin))), Clause(Atom(sbt.plugins.CorePlugin),Set(Atom(sbt.plugins.IvyPlugin))), Clause(Atom(sbt.plugins.IvyPlugin),Set(Atom(sbt.plugins.JvmPlugin))), Clause(Atom(sbt.plugins.JvmPlugin),Set(Atom(sbt.plugins.SemanticdbPlugin))), Clause(Atom(sbt.plugins.JvmPlugin),Set(Atom(sbt.plugins.JUnitXmlReportPlugin))), Clause(Atom(sbt.plugins.CorePlugin),Set(Atom(sbt.plugins.Giter8TemplatePlugin))), Clause(Atom(sbt.plugins.JvmPlugin),Set(Atom(sbt.plugins.MiniDependencyTreePlugin))), Clause(Atom(sbt.plugins.JvmPlugin),Set(Atom(sbtassembly.AssemblyPlugin))), Clause(Atom(sbt.plugins.JvmPlugin),Set(Atom(org.jetbrains.sbt.StructurePlugin))), Clause(Atom(sbt.plugins.JvmPlugin),Set(Atom(org.jetbrains.sbt.IdeaShellPlugin))), Clause(And(Set(Atom(sbt.plugins.CorePlugin), Atom(sbt.plugins.JvmPlugin))),Set(Atom(org.jetbrains.sbt.indices.SbtIntellijIndicesPlugin)))))[0m[0J
[0m[[0m[0mdebug[0m] [0m[0m  :: deduced result: Matched(sbt.plugins.CorePlugin,sbt.plugins.Giter8TemplatePlugin,sbt.plugins.IvyPlugin,sbt.plugins.JvmPlugin,sbt.plugins.SemanticdbPlugin,org.jetbrains.sbt.indices.SbtIntellijIndicesPlugin,sbt.plugins.JUnitXmlReportPlugin,sbtassembly.AssemblyPlugin,org.jetbrains.sbt.IdeaShellPlugin,org.jetbrains.sbt.StructurePlugin,sbt.plugins.MiniDependencyTreePlugin)[0m[0J
[0m[[0m[0mdebug[0m] [0m[0mPlugins.deducer#function took 1.104091 ms[0m[0J
[0m[[0m[0minfo[0m] [0m[0mloading settings for project root from build.sbt ...[0m[0J
[0m[[0m[0mdebug[0m] [0m[0m        Load.resolveProject(root) took 17.39817ms[0m[0J
[0m[[0m[0mdebug[0m] [0m[0m      Load.loadTransitive: finalizeProject(Project(id root, base: /home/nvorotnikov/IdeaProjects/flink-formation/bitcoin, plugins: List(<none>))) took 18.912121ms[0m[0J
[0m[[0m[0mdebug[0m] [0m[0m[Loading] Loading project wiki @ /home/nvorotnikov/IdeaProjects/flink-formation/bitcoin/wiki[0m[0J
[0m[[0m[0mdebug[0m] [0m[0mdeducing auto plugins based on known facts Set(Atom(sbt.plugins.CorePlugin)) and clauses Clauses(List(Clause(Atom(sbt.plugins.JvmPlugin),Set(Atom(sbt.plugins.IvyPlugin))), Clause(Atom(sbt.ScriptedPlugin),Set(Atom(sbt.plugins.JvmPlugin))), Clause(Atom(sbt.plugins.SbtPlugin),Set(Atom(sbt.ScriptedPlugin))), Clause(Atom(sbt.plugins.SemanticdbPlugin),Set(Atom(sbt.plugins.JvmPlugin))), Clause(Atom(sbt.plugins.JUnitXmlReportPlugin),Set(Atom(sbt.plugins.JvmPlugin))), Clause(Atom(sbt.plugins.MiniDependencyTreePlugin),Set(Atom(sbt.plugins.JvmPlugin))), Clause(Atom(sbtassembly.AssemblyPlugin),Set(Atom(sbt.plugins.JvmPlugin))), Clause(Atom(org.jetbrains.sbt.StructurePlugin),Set(Atom(sbt.plugins.JvmPlugin))), Clause(Atom(org.jetbrains.sbt.IdeaShellPlugin),Set(Atom(sbt.plugins.JvmPlugin))), Clause(Atom(org.jetbrains.sbt.indices.SbtIntellijIndicesPlugin),Set(Atom(sbt.plugins.JvmPlugin))), Clause(Atom(sbt.plugins.CorePlugin),Set(Atom(sbt.plugins.IvyPlugin))), Clause(Atom(sbt.plugins.IvyPlugin),Set(Atom(sbt.plugins.JvmPlugin))), Clause(Atom(sbt.plugins.JvmPlugin),Set(Atom(sbt.plugins.SemanticdbPlugin))), Clause(Atom(sbt.plugins.JvmPlugin),Set(Atom(sbt.plugins.JUnitXmlReportPlugin))), Clause(Atom(sbt.plugins.CorePlugin),Set(Atom(sbt.plugins.Giter8TemplatePlugin))), Clause(Atom(sbt.plugins.JvmPlugin),Set(Atom(sbt.plugins.MiniDependencyTreePlugin))), Clause(Atom(sbt.plugins.JvmPlugin),Set(Atom(sbtassembly.AssemblyPlugin))), Clause(Atom(sbt.plugins.JvmPlugin),Set(Atom(org.jetbrains.sbt.StructurePlugin))), Clause(Atom(sbt.plugins.JvmPlugin),Set(Atom(org.jetbrains.sbt.IdeaShellPlugin))), Clause(And(Set(Atom(sbt.plugins.CorePlugin), Atom(sbt.plugins.JvmPlugin))),Set(Atom(org.jetbrains.sbt.indices.SbtIntellijIndicesPlugin)))))[0m[0J
[0m[[0m[0mdebug[0m] [0m[0m  :: deduced result: Matched(sbt.plugins.CorePlugin,sbt.plugins.Giter8TemplatePlugin,sbt.plugins.IvyPlugin,sbt.plugins.JvmPlugin,sbt.plugins.SemanticdbPlugin,org.jetbrains.sbt.indices.SbtIntellijIndicesPlugin,sbt.plugins.JUnitXmlReportPlugin,sbtassembly.AssemblyPlugin,org.jetbrains.sbt.IdeaShellPlugin,org.jetbrains.sbt.StructurePlugin,sbt.plugins.MiniDependencyTreePlugin)[0m[0J
[0m[[0m[0mdebug[0m] [0m[0mPlugins.deducer#function took 0.871761 ms[0m[0J
[0m[[0m[0mdebug[0m] [0m[0m      Load.resolveProject(wiki) took 0.592879ms[0m[0J
[0m[[0m[0mdebug[0m] [0m[0m[Loading] Loading project bitcoin @ /home/nvorotnikov/IdeaProjects/flink-formation/bitcoin/bitcoin[0m[0J
[0m[[0m[0mdebug[0m] [0m[0mdeducing auto plugins based on known facts Set(Atom(sbt.plugins.CorePlugin)) and clauses Clauses(List(Clause(Atom(sbt.plugins.JvmPlugin),Set(Atom(sbt.plugins.IvyPlugin))), Clause(Atom(sbt.ScriptedPlugin),Set(Atom(sbt.plugins.JvmPlugin))), Clause(Atom(sbt.plugins.SbtPlugin),Set(Atom(sbt.ScriptedPlugin))), Clause(Atom(sbt.plugins.SemanticdbPlugin),Set(Atom(sbt.plugins.JvmPlugin))), Clause(Atom(sbt.plugins.JUnitXmlReportPlugin),Set(Atom(sbt.plugins.JvmPlugin))), Clause(Atom(sbt.plugins.MiniDependencyTreePlugin),Set(Atom(sbt.plugins.JvmPlugin))), Clause(Atom(sbtassembly.AssemblyPlugin),Set(Atom(sbt.plugins.JvmPlugin))), Clause(Atom(org.jetbrains.sbt.StructurePlugin),Set(Atom(sbt.plugins.JvmPlugin))), Clause(Atom(org.jetbrains.sbt.IdeaShellPlugin),Set(Atom(sbt.plugins.JvmPlugin))), Clause(Atom(org.jetbrains.sbt.indices.SbtIntellijIndicesPlugin),Set(Atom(sbt.plugins.JvmPlugin))), Clause(Atom(sbt.plugins.CorePlugin),Set(Atom(sbt.plugins.IvyPlugin))), Clause(Atom(sbt.plugins.IvyPlugin),Set(Atom(sbt.plugins.JvmPlugin))), Clause(Atom(sbt.plugins.JvmPlugin),Set(Atom(sbt.plugins.SemanticdbPlugin))), Clause(Atom(sbt.plugins.JvmPlugin),Set(Atom(sbt.plugins.JUnitXmlReportPlugin))), Clause(Atom(sbt.plugins.CorePlugin),Set(Atom(sbt.plugins.Giter8TemplatePlugin))), Clause(Atom(sbt.plugins.JvmPlugin),Set(Atom(sbt.plugins.MiniDependencyTreePlugin))), Clause(Atom(sbt.plugins.JvmPlugin),Set(Atom(sbtassembly.AssemblyPlugin))), Clause(Atom(sbt.plugins.JvmPlugin),Set(Atom(org.jetbrains.sbt.StructurePlugin))), Clause(Atom(sbt.plugins.JvmPlugin),Set(Atom(org.jetbrains.sbt.IdeaShellPlugin))), Clause(And(Set(Atom(sbt.plugins.CorePlugin), Atom(sbt.plugins.JvmPlugin))),Set(Atom(org.jetbrains.sbt.indices.SbtIntellijIndicesPlugin)))))[0m[0J
[0m[[0m[0mdebug[0m] [0m[0m  :: deduced result: Matched(sbt.plugins.CorePlugin,sbt.plugins.Giter8TemplatePlugin,sbt.plugins.IvyPlugin,sbt.plugins.JvmPlugin,sbt.plugins.SemanticdbPlugin,org.jetbrains.sbt.indices.SbtIntellijIndicesPlugin,sbt.plugins.JUnitXmlReportPlugin,sbtassembly.AssemblyPlugin,org.jetbrains.sbt.IdeaShellPlugin,org.jetbrains.sbt.StructurePlugin,sbt.plugins.MiniDependencyTreePlugin)[0m[0J
[0m[[0m[0mdebug[0m] [0m[0mPlugins.deducer#function took 0.748983 ms[0m[0J
[0m[[0m[0mdebug[0m] [0m[0m      Load.resolveProject(bitcoin) took 0.504532ms[0m[0J
[0m[[0m[0mdebug[0m] [0m[0m[Loading] Done in /home/nvorotnikov/IdeaProjects/flink-formation/bitcoin, returning: (root, wiki, bitcoin)[0m[0J
[0m[[0m[0mdebug[0m] [0m[0m    Load.loadUnit: loadedProjectsRaw took 615.115625ms[0m[0J
[0m[[0m[0mdebug[0m] [0m[0m    Load.loadUnit: cleanEvalClasses took 1.019036ms[0m[0J
[0m[[0m[0mdebug[0m] [0m[0m  Load.loadUnit(file:/home/nvorotnikov/IdeaProjects/flink-formation/bitcoin/, ...) took 1323.010362ms[0m[0J
[0m[[0m[0mdebug[0m] [0m[0mLoad.apply: load took 1323.807137ms[0m[0J
[0m[[0m[0mdebug[0m] [0m[0mLoad.apply: resolveProjects took 0.0783ms[0m[0J
[0m[[0m[0mdebug[0m] [0m[0mLoad.apply: finalTransforms took 12.150461ms[0m[0J
[0m[[0m[0mdebug[0m] [0m[0mLoad.apply: config.delegates took 0.353374ms[0m[0J
[0m[[0m[0mdebug[0m] [0m[0mLoad.apply: Def.make(settings)... took 71.174422ms[0m[0J
[0m[[0m[0mdebug[0m] [0m[0mLoad.apply: structureIndex took 26.331481ms[0m[0J
[0m[[0m[0mdebug[0m] [0m[0mLoad.apply: mkStreams took 0.002467ms[0m[0J
[0m[[0m[33mwarn[0m] [0m[0mDiscarding 1 session setting.  Use 'session save' to persist session settings.[0m[0J
[0m[[0m[0minfo[0m] [0m[0mset current project to bitcoin (in build file:/home/nvorotnikov/IdeaProjects/flink-formation/bitcoin/)[0m[0J
[0m[[0m[0mdebug[0m] [0m[0m> Exec(sbtPopOnFailure, None, None)[0m[0J
[0m[[0m[0mdebug[0m] [0m[0m> Exec(resumeFromFailure, None, None)[0m[0J
[0m[[0m[0mdebug[0m] [0m[0m> Exec(idea-shell, None, None)[0m[0J
