[0m[[0m[0mdebug[0m] [0m[0m> Exec(reload, None, None)[0m[0J
[0m[[0m[0mdebug[0m] [0m[0m> Exec(sbtStashOnFailure, None, None)[0m[0J
[0m[[0m[0mdebug[0m] [0m[0m> Exec(onFailure loadFailed, None, None)[0m[0J
[0m[[0m[0mdebug[0m] [0m[0m> Exec(loadp, None, None)[0m[0J
[0m[[0m[0minfo[0m] [0m[0mwelcome to sbt 1.4.0 (Private Build Java 1.8.0_265)[0m[0J
[0m[[0m[0mdebug[0m] [0m[0m      Load.loadUnit: plugins took 6.895464ms[0m[0J
[0m[[0m[0mdebug[0m] [0m[0m      Load.loadUnit: defsScala took 0.001891ms[0m[0J
[0m[[0m[0mdebug[0m] [0m[0m[Loading] Scanning directory /home/nvorotnikov/.sbt/1.0/plugins[0m[0J
[0m[[0m[0mdebug[0m] [0m[0m        Load.loadUnit: mkEval took 0.114281ms[0m[0J
[0m[[0m[0mdebug[0m] [0m[0m[Loading] Found non-root projects [0m[0J
[0m[[0m[0mdebug[0m] [0m[0m[Loading] Done in /home/nvorotnikov/.sbt/1.0/plugins, returning: ()[0m[0J
[0m[[0m[0mdebug[0m] [0m[0mdeducing auto plugins based on known facts Set(Atom(sbt.plugins.CorePlugin)) and clauses Clauses(List(Clause(Atom(sbt.plugins.JvmPlugin),Set(Atom(sbt.plugins.IvyPlugin))), Clause(Atom(sbt.ScriptedPlugin),Set(Atom(sbt.plugins.JvmPlugin))), Clause(Atom(sbt.plugins.SbtPlugin),Set(Atom(sbt.ScriptedPlugin))), Clause(Atom(sbt.plugins.SemanticdbPlugin),Set(Atom(sbt.plugins.JvmPlugin))), Clause(Atom(sbt.plugins.JUnitXmlReportPlugin),Set(Atom(sbt.plugins.JvmPlugin))), Clause(Atom(sbt.plugins.MiniDependencyTreePlugin),Set(Atom(sbt.plugins.JvmPlugin))), Clause(Atom(sbt.plugins.CorePlugin),Set(Atom(sbt.plugins.IvyPlugin))), Clause(Atom(sbt.plugins.IvyPlugin),Set(Atom(sbt.plugins.JvmPlugin))), Clause(Atom(sbt.plugins.JvmPlugin),Set(Atom(sbt.plugins.SemanticdbPlugin))), Clause(Atom(sbt.plugins.JvmPlugin),Set(Atom(sbt.plugins.JUnitXmlReportPlugin))), Clause(Atom(sbt.plugins.CorePlugin),Set(Atom(sbt.plugins.Giter8TemplatePlugin))), Clause(Atom(sbt.plugins.JvmPlugin),Set(Atom(sbt.plugins.MiniDependencyTreePlugin)))))[0m[0J
[0m[[0m[0mdebug[0m] [0m[0m  :: deduced result: Matched(sbt.plugins.CorePlugin,sbt.plugins.Giter8TemplatePlugin,sbt.plugins.IvyPlugin,sbt.plugins.JvmPlugin,sbt.plugins.MiniDependencyTreePlugin,sbt.plugins.JUnitXmlReportPlugin,sbt.plugins.SemanticdbPlugin)[0m[0J
[0m[[0m[0mdebug[0m] [0m[0mPlugins.deducer#function took 0.632364 ms[0m[0J
[0m[[0m[0minfo[0m] [0m[0mloading settings for project global-plugins from idea.sbt ...[0m[0J
[0m[[0m[0mdebug[0m] [0m[0m          Load.resolveProject(global-plugins) took 0.67599ms[0m[0J
[0m[[0m[0mdebug[0m] [0m[0m        Load.loadTransitive: finalizeProject(Project(id global-plugins, base: /home/nvorotnikov/.sbt/1.0/plugins, plugins: List(<none>))) took 1.505936ms[0m[0J
[0m[[0m[0mdebug[0m] [0m[0m[Loading] Done in /home/nvorotnikov/.sbt/1.0/plugins, returning: (global-plugins)[0m[0J
[0m[[0m[0mdebug[0m] [0m[0m      Load.loadUnit: loadedProjectsRaw took 5.214075ms[0m[0J
[0m[[0m[0mdebug[0m] [0m[0m      Load.loadUnit: cleanEvalClasses took 0.228569ms[0m[0J
[0m[[0m[0mdebug[0m] [0m[0m    Load.loadUnit(file:/home/nvorotnikov/.sbt/1.0/plugins/, ...) took 12.595395ms[0m[0J
[0m[[0m[0mdebug[0m] [0m[0m  Load.apply: load took 13.032528ms[0m[0J
[0m[[0m[0mdebug[0m] [0m[0m  Load.apply: resolveProjects took 0.055506ms[0m[0J
[0m[[0m[0mdebug[0m] [0m[0m  Load.apply: finalTransforms took 2.327818ms[0m[0J
[0m[[0m[0mdebug[0m] [0m[0m  Load.apply: config.delegates took 0.117341ms[0m[0J
[0m[[0m[0mdebug[0m] [0m[0m  Load.apply: Def.make(settings)... took 46.49512ms[0m[0J
[0m[[0m[0mdebug[0m] [0m[0m  Load.apply: structureIndex took 6.681767ms[0m[0J
[0m[[0m[0mdebug[0m] [0m[0m  Load.apply: mkStreams took 0.002437ms[0m[0J
[0m[[0m[0minfo[0m] [0m[0mloading global plugins from /home/nvorotnikov/.sbt/1.0/plugins[0m[0J
[0m[[0m[0mdebug[0m] [0m[0mRunning task... Cancel: Signal, check cycles: false, forcegc: true[0m[0J
[0m[[0m[0mdebug[0m] [0m[0mForcing garbage collection...[0m[0J
[0m[[0m[0mdebug[0m] [0m[0mLoad.defaultLoad until apply took 422.259099ms[0m[0J
[0m[[0m[0mdebug[0m] [0m[0m          Load.loadUnit: plugins took 5.415315ms[0m[0J
[0m[[0m[0mdebug[0m] [0m[0m          Load.loadUnit: defsScala took 0.001557ms[0m[0J
[0m[[0m[0mdebug[0m] [0m[0m[Loading] Scanning directory /home/nvorotnikov/IdeaProjects/flink-formation/bitcoin/project[0m[0J
[0m[[0m[0mdebug[0m] [0m[0m            Load.loadUnit: mkEval took 0.12153ms[0m[0J
[0m[[0m[0mdebug[0m] [0m[0m[Loading] Found non-root projects [0m[0J
[0m[[0m[0mdebug[0m] [0m[0m[Loading] Done in /home/nvorotnikov/IdeaProjects/flink-formation/bitcoin/project, returning: ()[0m[0J
[0m[[0m[0mdebug[0m] [0m[0mdeducing auto plugins based on known facts Set(Atom(sbt.plugins.CorePlugin)) and clauses Clauses(List(Clause(Atom(sbt.plugins.JvmPlugin),Set(Atom(sbt.plugins.IvyPlugin))), Clause(Atom(sbt.ScriptedPlugin),Set(Atom(sbt.plugins.JvmPlugin))), Clause(Atom(sbt.plugins.SbtPlugin),Set(Atom(sbt.ScriptedPlugin))), Clause(Atom(sbt.plugins.SemanticdbPlugin),Set(Atom(sbt.plugins.JvmPlugin))), Clause(Atom(sbt.plugins.JUnitXmlReportPlugin),Set(Atom(sbt.plugins.JvmPlugin))), Clause(Atom(sbt.plugins.MiniDependencyTreePlugin),Set(Atom(sbt.plugins.JvmPlugin))), Clause(Atom(sbt.plugins.CorePlugin),Set(Atom(sbt.plugins.IvyPlugin))), Clause(Atom(sbt.plugins.IvyPlugin),Set(Atom(sbt.plugins.JvmPlugin))), Clause(Atom(sbt.plugins.JvmPlugin),Set(Atom(sbt.plugins.SemanticdbPlugin))), Clause(Atom(sbt.plugins.JvmPlugin),Set(Atom(sbt.plugins.JUnitXmlReportPlugin))), Clause(Atom(sbt.plugins.CorePlugin),Set(Atom(sbt.plugins.Giter8TemplatePlugin))), Clause(Atom(sbt.plugins.JvmPlugin),Set(Atom(sbt.plugins.MiniDependencyTreePlugin)))))[0m[0J
[0m[[0m[0mdebug[0m] [0m[0m  :: deduced result: Matched(sbt.plugins.CorePlugin,sbt.plugins.Giter8TemplatePlugin,sbt.plugins.IvyPlugin,sbt.plugins.JvmPlugin,sbt.plugins.MiniDependencyTreePlugin,sbt.plugins.JUnitXmlReportPlugin,sbt.plugins.SemanticdbPlugin)[0m[0J
[0m[[0m[0mdebug[0m] [0m[0mPlugins.deducer#function took 0.635545 ms[0m[0J
[0m[[0m[0minfo[0m] [0m[0mloading settings for project bitcoin-build from plugins.sbt,idea.sbt ...[0m[0J
[0m[[0m[0mdebug[0m] [0m[0m              Load.resolveProject(bitcoin-build) took 0.883586ms[0m[0J
[0m[[0m[0mdebug[0m] [0m[0m            Load.loadTransitive: finalizeProject(Project(id bitcoin-build, base: /home/nvorotnikov/IdeaProjects/flink-formation/bitcoin/project, plugins: List(<none>))) took 1.720157ms[0m[0J
[0m[[0m[0mdebug[0m] [0m[0m[Loading] Done in /home/nvorotnikov/IdeaProjects/flink-formation/bitcoin/project, returning: (bitcoin-build)[0m[0J
[0m[[0m[0mdebug[0m] [0m[0m          Load.loadUnit: loadedProjectsRaw took 212.789063ms[0m[0J
[0m[[0m[0mdebug[0m] [0m[0m          Load.loadUnit: cleanEvalClasses took 0.295923ms[0m[0J
[0m[[0m[0mdebug[0m] [0m[0m        Load.loadUnit(file:/home/nvorotnikov/IdeaProjects/flink-formation/bitcoin/project/, ...) took 218.72195ms[0m[0J
[0m[[0m[0mdebug[0m] [0m[0m      Load.apply: load took 219.110951ms[0m[0J
[0m[[0m[0mdebug[0m] [0m[0m      Load.apply: resolveProjects took 0.048355ms[0m[0J
[0m[[0m[0mdebug[0m] [0m[0m      Load.apply: finalTransforms took 3.123467ms[0m[0J
[0m[[0m[0mdebug[0m] [0m[0m      Load.apply: config.delegates took 0.124196ms[0m[0J
[0m[[0m[0mdebug[0m] [0m[0m      Load.apply: Def.make(settings)... took 20.540727ms[0m[0J
[0m[[0m[0mdebug[0m] [0m[0m      Load.apply: structureIndex took 6.313667ms[0m[0J
[0m[[0m[0mdebug[0m] [0m[0m      Load.apply: mkStreams took 0.001871ms[0m[0J
[0m[[0m[0minfo[0m] [0m[0mloading project definition from /home/nvorotnikov/IdeaProjects/flink-formation/bitcoin/project[0m[0J
[0m[[0m[0mdebug[0m] [0m[0mRunning task... Cancel: Signal, check cycles: false, forcegc: true[0m[0J
[0m[[0m[0mdebug[0m] [0m[0m    Load.loadUnit: plugins took 444.069586ms[0m[0J
[0m[[0m[0mdebug[0m] [0m[0m    Load.loadUnit: defsScala took 0.00155ms[0m[0J
[0m[[0m[0mdebug[0m] [0m[0m[Loading] Scanning directory /home/nvorotnikov/IdeaProjects/flink-formation/bitcoin[0m[0J
[0m[[0m[0mdebug[0m] [0m[0m      Load.loadUnit: mkEval took 0.106664ms[0m[0J
[0m[[0m[0mdebug[0m] [0m[0m[Loading] Found non-root projects [0m[0J
[0m[[0m[0mdebug[0m] [0m[0m[Loading] Done in /home/nvorotnikov/IdeaProjects/flink-formation/bitcoin, returning: ()[0m[0J
[0m[[0m[0mdebug[0m] [0m[0mdeducing auto plugins based on known facts Set(Atom(sbt.plugins.CorePlugin)) and clauses Clauses(List(Clause(Atom(sbt.plugins.JvmPlugin),Set(Atom(sbt.plugins.IvyPlugin))), Clause(Atom(sbt.ScriptedPlugin),Set(Atom(sbt.plugins.JvmPlugin))), Clause(Atom(sbt.plugins.SbtPlugin),Set(Atom(sbt.ScriptedPlugin))), Clause(Atom(sbt.plugins.SemanticdbPlugin),Set(Atom(sbt.plugins.JvmPlugin))), Clause(Atom(sbt.plugins.JUnitXmlReportPlugin),Set(Atom(sbt.plugins.JvmPlugin))), Clause(Atom(sbt.plugins.MiniDependencyTreePlugin),Set(Atom(sbt.plugins.JvmPlugin))), Clause(Atom(sbtassembly.AssemblyPlugin),Set(Atom(sbt.plugins.JvmPlugin))), Clause(Atom(org.jetbrains.sbt.StructurePlugin),Set(Atom(sbt.plugins.JvmPlugin))), Clause(Atom(org.jetbrains.sbt.IdeaShellPlugin),Set(Atom(sbt.plugins.JvmPlugin))), Clause(Atom(org.jetbrains.sbt.indices.SbtIntellijIndicesPlugin),Set(Atom(sbt.plugins.JvmPlugin))), Clause(Atom(sbt.plugins.CorePlugin),Set(Atom(sbt.plugins.IvyPlugin))), Clause(Atom(sbt.plugins.IvyPlugin),Set(Atom(sbt.plugins.JvmPlugin))), Clause(Atom(sbt.plugins.JvmPlugin),Set(Atom(sbt.plugins.SemanticdbPlugin))), Clause(Atom(sbt.plugins.JvmPlugin),Set(Atom(sbt.plugins.JUnitXmlReportPlugin))), Clause(Atom(sbt.plugins.CorePlugin),Set(Atom(sbt.plugins.Giter8TemplatePlugin))), Clause(Atom(sbt.plugins.JvmPlugin),Set(Atom(sbt.plugins.MiniDependencyTreePlugin))), Clause(Atom(sbt.plugins.JvmPlugin),Set(Atom(sbtassembly.AssemblyPlugin))), Clause(Atom(sbt.plugins.JvmPlugin),Set(Atom(org.jetbrains.sbt.StructurePlugin))), Clause(Atom(sbt.plugins.JvmPlugin),Set(Atom(org.jetbrains.sbt.IdeaShellPlugin))), Clause(And(Set(Atom(sbt.plugins.CorePlugin), Atom(sbt.plugins.JvmPlugin))),Set(Atom(org.jetbrains.sbt.indices.SbtIntellijIndicesPlugin)))))[0m[0J
[0m[[0m[0mdebug[0m] [0m[0m  :: deduced result: Matched(sbt.plugins.CorePlugin,sbt.plugins.Giter8TemplatePlugin,sbt.plugins.IvyPlugin,sbt.plugins.JvmPlugin,sbt.plugins.SemanticdbPlugin,org.jetbrains.sbt.indices.SbtIntellijIndicesPlugin,sbt.plugins.JUnitXmlReportPlugin,sbtassembly.AssemblyPlugin,org.jetbrains.sbt.IdeaShellPlugin,org.jetbrains.sbt.StructurePlugin,sbt.plugins.MiniDependencyTreePlugin)[0m[0J
[0m[[0m[0mdebug[0m] [0m[0mPlugins.deducer#function took 0.753611 ms[0m[0J
[0m[[0m[0minfo[0m] [0m[0mloading settings for project bitcoin from build.sbt ...[0m[0J
[0m[[0m[0mdebug[0m] [0m[0m        Load.resolveProject(bitcoin) took 14.995162ms[0m[0J
[0m[[0m[0mdebug[0m] [0m[0m      Load.loadTransitive: finalizeProject(Project(id bitcoin, base: /home/nvorotnikov/IdeaProjects/flink-formation/bitcoin, plugins: List(<none>))) took 16.058523ms[0m[0J
[0m[[0m[0mdebug[0m] [0m[0m[Loading] Done in /home/nvorotnikov/IdeaProjects/flink-formation/bitcoin, returning: (bitcoin)[0m[0J
[0m[[0m[0mdebug[0m] [0m[0m    Load.loadUnit: loadedProjectsRaw took 583.571829ms[0m[0J
[0m[[0m[0mdebug[0m] [0m[0m    Load.loadUnit: cleanEvalClasses took 1.521803ms[0m[0J
[0m[[0m[0mdebug[0m] [0m[0m  Load.loadUnit(file:/home/nvorotnikov/IdeaProjects/flink-formation/bitcoin/, ...) took 1029.405903ms[0m[0J
[0m[[0m[0mdebug[0m] [0m[0mLoad.apply: load took 1030.408204ms[0m[0J
[0m[[0m[0mdebug[0m] [0m[0mLoad.apply: resolveProjects took 0.042508ms[0m[0J
[0m[[0m[0mdebug[0m] [0m[0mLoad.apply: finalTransforms took 7.0263ms[0m[0J
[0m[[0m[0mdebug[0m] [0m[0mLoad.apply: config.delegates took 0.125079ms[0m[0J
[0m[[0m[0mdebug[0m] [0m[0mLoad.apply: Def.make(settings)... took 36.763231ms[0m[0J
[0m[[0m[0mdebug[0m] [0m[0mLoad.apply: structureIndex took 8.683475ms[0m[0J
[0m[[0m[0mdebug[0m] [0m[0mLoad.apply: mkStreams took 0.002137ms[0m[0J
[0m[[0m[0minfo[0m] [0m[0mset current project to bitcoin (in build file:/home/nvorotnikov/IdeaProjects/flink-formation/bitcoin/)[0m[0J
[0m[[0m[0mdebug[0m] [0m[0m> Exec(sbtPopOnFailure, None, None)[0m[0J
[0m[[0m[0mdebug[0m] [0m[0m> Exec(resumeFromFailure, None, None)[0m[0J
[0m[[0m[0mdebug[0m] [0m[0m> Exec(idea-shell, None, None)[0m[0J
